2025-06-19T12:10:55.207Z - INFO - HD Wallet Manager initialized
2025-06-19T12:10:55.210Z - INFO - Verifying contract addresses...
2025-06-19T12:10:56.777Z - INFO - ✅ USDT contract verified at 0xc2132D05D31c914a87C6611C10748AEb04B58e8F - Symbol: USDT, Decimals: 6
2025-06-19T12:10:56.998Z - ERROR - ❌ POL contract not found at 0x455e53CBB86018Ac2B8092FdCd39d8444aFFC3F6
2025-06-19T12:10:58.308Z - INFO - Generating 10 HD wallets...
2025-06-19T12:10:58.372Z - INFO - Generated wallet 1: 0x1F1cCC1250C90Dfc1ffaf497053b40d6d79a33DC
2025-06-19T12:10:58.373Z - INFO - Generated wallet 2: 0xC99aa56Cc1b8cff85F73db37d79a92eda3D84e78
2025-06-19T12:10:58.374Z - INFO - Generated wallet 3: 0x72494CF109cb9b056bDE5D592899457Fe58D6c0B
2025-06-19T12:10:58.374Z - INFO - Generated wallet 4: 0xB262b4feC59a245Ae490Acc8c2F50930f548E3ec
2025-06-19T12:10:58.376Z - INFO - Generated wallet 5: 0x4decD55b97e6Bf3A1ad2eb01a9088879D60897c6
2025-06-19T12:10:58.376Z - INFO - Generated wallet 6: 0x62c3E9EFCa52c3A5774568ef4E87c97064e0be6A
2025-06-19T12:10:58.377Z - INFO - Generated wallet 7: 0x88EFb20f3e2991Cebe66dcacf77a6a177dE1E3e2
2025-06-19T12:10:58.377Z - INFO - Generated wallet 8: 0xcE7887d0e5676C232f90CeCE2434931753Cfa026
2025-06-19T12:10:58.378Z - INFO - Generated wallet 9: 0x4ce0DA3e51754ff95Fe431d1cB504636BFf10D51
2025-06-19T12:10:58.379Z - INFO - Generated wallet 10: 0xE0DaF299C7aFCEf13F5A1fF6D41291d84E2e8C3a
2025-06-19T12:10:58.383Z - INFO - Checking native POL and USDT balances for all wallets...
2025-06-19T12:10:59.643Z - INFO - Wallet 1: Native POL=2.044536, USDT=0.00
2025-06-19T12:11:00.866Z - INFO - Wallet 2: Native POL=0.000000, USDT=0.00
2025-06-19T12:11:01.921Z - INFO - Wallet 3: Native POL=0.000000, USDT=0.00
2025-06-19T12:11:02.947Z - INFO - Generating 10 HD wallets...
2025-06-19T12:11:02.985Z - INFO - Generated wallet 1: 0x1F1cCC1250C90Dfc1ffaf497053b40d6d79a33DC
2025-06-19T12:11:02.986Z - INFO - Generated wallet 2: 0xC99aa56Cc1b8cff85F73db37d79a92eda3D84e78
2025-06-19T12:11:02.987Z - INFO - Generated wallet 3: 0x72494CF109cb9b056bDE5D592899457Fe58D6c0B
2025-06-19T12:11:02.988Z - INFO - Generated wallet 4: 0xB262b4feC59a245Ae490Acc8c2F50930f548E3ec
2025-06-19T12:11:02.989Z - INFO - Generated wallet 5: 0x4decD55b97e6Bf3A1ad2eb01a9088879D60897c6
2025-06-19T12:11:02.990Z - INFO - Generated wallet 6: 0x62c3E9EFCa52c3A5774568ef4E87c97064e0be6A
2025-06-19T12:11:02.991Z - INFO - Generated wallet 7: 0x88EFb20f3e2991Cebe66dcacf77a6a177dE1E3e2
2025-06-19T12:11:02.992Z - INFO - Generated wallet 8: 0xcE7887d0e5676C232f90CeCE2434931753Cfa026
2025-06-19T12:11:02.993Z - INFO - Generated wallet 9: 0x4ce0DA3e51754ff95Fe431d1cB504636BFf10D51
2025-06-19T12:11:02.993Z - INFO - Generated wallet 10: 0xE0DaF299C7aFCEf13F5A1fF6D41291d84E2e8C3a
2025-06-19T12:11:02.996Z - INFO - Wallet 4: Native POL=0.000000, USDT=0.00
2025-06-19T12:11:04.011Z - INFO - Wallet 5: Native POL=0.000000, USDT=0.00
2025-06-19T12:11:05.053Z - INFO - Wallet 6: Native POL=0.000000, USDT=0.00
2025-06-19T12:11:06.000Z - INFO - Wallet 7: Native POL=0.000000, USDT=0.00
2025-06-19T12:11:06.913Z - INFO - Wallet 8: Native POL=0.000000, USDT=0.00
2025-06-19T12:11:07.961Z - INFO - Wallet 9: Native POL=0.000000, USDT=0.00
2025-06-19T12:11:09.537Z - INFO - Wallet 10: Native POL=0.000000, USDT=0.00
2025-06-19T12:11:09.540Z - INFO - Checking native POL and USDT balances for all wallets...
2025-06-19T12:11:10.760Z - INFO - Wallet 1: Native POL=2.044536, USDT=0.00
2025-06-19T12:11:11.658Z - INFO - Wallet 2: Native POL=0.000000, USDT=0.00
2025-06-19T12:11:12.540Z - INFO - Wallet 3: Native POL=0.000000, USDT=0.00
2025-06-19T12:11:13.654Z - INFO - Wallet 4: Native POL=0.000000, USDT=0.00
2025-06-19T12:11:15.130Z - INFO - Wallet 5: Native POL=0.000000, USDT=0.00
2025-06-19T12:11:16.596Z - INFO - Wallet 6: Native POL=0.000000, USDT=0.00
2025-06-19T12:11:17.863Z - INFO - Wallet 7: Native POL=0.000000, USDT=0.00
2025-06-19T12:11:18.099Z - INFO - Generating 10 HD wallets...
2025-06-19T12:11:18.129Z - INFO - Generated wallet 1: 0x1F1cCC1250C90Dfc1ffaf497053b40d6d79a33DC
2025-06-19T12:11:18.131Z - INFO - Generated wallet 2: 0xC99aa56Cc1b8cff85F73db37d79a92eda3D84e78
2025-06-19T12:11:18.132Z - INFO - Generated wallet 3: 0x72494CF109cb9b056bDE5D592899457Fe58D6c0B
2025-06-19T12:11:18.133Z - INFO - Generated wallet 4: 0xB262b4feC59a245Ae490Acc8c2F50930f548E3ec
2025-06-19T12:11:18.134Z - INFO - Generated wallet 5: 0x4decD55b97e6Bf3A1ad2eb01a9088879D60897c6
2025-06-19T12:11:18.135Z - INFO - Generated wallet 6: 0x62c3E9EFCa52c3A5774568ef4E87c97064e0be6A
2025-06-19T12:11:18.136Z - INFO - Generated wallet 7: 0x88EFb20f3e2991Cebe66dcacf77a6a177dE1E3e2
2025-06-19T12:11:18.137Z - INFO - Generated wallet 8: 0xcE7887d0e5676C232f90CeCE2434931753Cfa026
2025-06-19T12:11:18.138Z - INFO - Generated wallet 9: 0x4ce0DA3e51754ff95Fe431d1cB504636BFf10D51
2025-06-19T12:11:18.139Z - INFO - Generated wallet 10: 0xE0DaF299C7aFCEf13F5A1fF6D41291d84E2e8C3a
2025-06-19T12:11:18.907Z - INFO - Wallet 8: Native POL=0.000000, USDT=0.00
2025-06-19T12:11:19.859Z - INFO - Wallet 9: Native POL=0.000000, USDT=0.00
2025-06-19T12:11:20.774Z - INFO - Wallet 10: Native POL=0.000000, USDT=0.00
2025-06-19T12:11:20.778Z - INFO - Checking native POL and USDT balances for all wallets...
2025-06-19T12:11:21.662Z - INFO - Wallet 1: Native POL=2.044536, USDT=0.00
2025-06-19T12:11:22.725Z - INFO - Wallet 2: Native POL=0.000000, USDT=0.00
2025-06-19T12:11:23.001Z - INFO - Checking native POL and USDT balances for all wallets...
2025-06-19T12:11:23.685Z - INFO - Wallet 3: Native POL=0.000000, USDT=0.00
2025-06-19T12:11:24.005Z - INFO - Checking native POL and USDT balances for all wallets...
2025-06-19T12:11:24.492Z - INFO - Wallet 1: Native POL=2.044536, USDT=0.00
2025-06-19T12:11:24.640Z - INFO - Wallet 4: Native POL=0.000000, USDT=0.00
2025-06-19T12:11:25.373Z - INFO - Wallet 1: Native POL=2.044536, USDT=0.00
2025-06-19T12:11:25.411Z - INFO - Wallet 2: Native POL=0.000000, USDT=0.00
2025-06-19T12:11:25.603Z - INFO - Wallet 5: Native POL=0.000000, USDT=0.00
2025-06-19T12:11:26.005Z - INFO - Checking native POL and USDT balances for all wallets...
2025-06-19T12:11:26.308Z - INFO - Wallet 2: Native POL=0.000000, USDT=0.00
2025-06-19T12:11:26.336Z - INFO - Wallet 3: Native POL=0.000000, USDT=0.00
2025-06-19T12:11:26.477Z - INFO - Wallet 6: Native POL=0.000000, USDT=0.00
2025-06-19T12:11:27.237Z - INFO - Wallet 3: Native POL=0.000000, USDT=0.00
2025-06-19T12:11:27.239Z - INFO - Wallet 4: Native POL=0.000000, USDT=0.00
2025-06-19T12:11:27.408Z - INFO - Wallet 1: Native POL=2.044536, USDT=0.00
2025-06-19T12:11:27.409Z - INFO - Wallet 7: Native POL=0.000000, USDT=0.00
2025-06-19T12:11:28.185Z - INFO - Wallet 5: Native POL=0.000000, USDT=0.00
2025-06-19T12:11:28.187Z - INFO - Wallet 4: Native POL=0.000000, USDT=0.00
2025-06-19T12:11:28.276Z - INFO - Wallet 2: Native POL=0.000000, USDT=0.00
2025-06-19T12:11:28.358Z - INFO - Wallet 8: Native POL=0.000000, USDT=0.00
2025-06-19T12:11:29.166Z - INFO - Wallet 3: Native POL=0.000000, USDT=0.00
2025-06-19T12:11:29.237Z - INFO - Wallet 5: Native POL=0.000000, USDT=0.00
2025-06-19T12:11:29.238Z - INFO - Wallet 6: Native POL=0.000000, USDT=0.00
2025-06-19T12:11:29.281Z - INFO - Wallet 9: Native POL=0.000000, USDT=0.00
2025-06-19T12:11:30.079Z - INFO - Wallet 4: Native POL=0.000000, USDT=0.00
2025-06-19T12:11:30.215Z - INFO - Wallet 6: Native POL=0.000000, USDT=0.00
2025-06-19T12:11:30.217Z - INFO - Wallet 7: Native POL=0.000000, USDT=0.00
2025-06-19T12:11:30.255Z - INFO - Wallet 10: Native POL=0.000000, USDT=0.00
2025-06-19T12:11:30.257Z - INFO - Checking native POL and USDT balances for all wallets...
2025-06-19T12:11:31.082Z - INFO - Wallet 5: Native POL=0.000000, USDT=0.00
2025-06-19T12:11:31.262Z - INFO - Wallet 7: Native POL=0.000000, USDT=0.00
2025-06-19T12:11:31.273Z - INFO - Wallet 8: Native POL=0.000000, USDT=0.00
2025-06-19T12:11:31.313Z - INFO - Wallet 1: Native POL=2.044536, USDT=0.00
2025-06-19T12:11:32.030Z - INFO - Wallet 6: Native POL=0.000000, USDT=0.00
2025-06-19T12:11:32.186Z - INFO - Wallet 9: Native POL=0.000000, USDT=0.00
2025-06-19T12:11:32.241Z - INFO - Wallet 8: Native POL=0.000000, USDT=0.00
2025-06-19T12:11:32.248Z - INFO - Wallet 2: Native POL=0.000000, USDT=0.00
2025-06-19T12:11:32.984Z - ERROR - Error getting token balance for 0x88EFb20f3e2991Cebe66dcacf77a6a177dE1E3e2 on attempt 1: invalid json response body at https://polygon-rpc.com/ reason: Unexpected token '<', "<html>
<h"... is not valid JSON
2025-06-19T12:11:33.171Z - INFO - Wallet 10: Native POL=0.000000, USDT=0.00
2025-06-19T12:11:33.195Z - ERROR - Error getting token balance for 0x72494CF109cb9b056bDE5D592899457Fe58D6c0B on attempt 1: invalid json response body at https://polygon-rpc.com/ reason: Unexpected token '<', "<html>
<h"... is not valid JSON
2025-06-19T12:11:33.201Z - INFO - Wallet 9: Native POL=0.000000, USDT=0.00
2025-06-19T12:11:34.114Z - INFO - Wallet 10: Native POL=0.000000, USDT=0.00
2025-06-19T12:11:35.686Z - INFO - Wallet 7: Native POL=0.000000, USDT=0.00
2025-06-19T12:11:35.938Z - INFO - Wallet 3: Native POL=0.000000, USDT=0.00
2025-06-19T12:11:36.567Z - INFO - Wallet 8: Native POL=0.000000, USDT=0.00
2025-06-19T12:11:36.856Z - INFO - Wallet 4: Native POL=0.000000, USDT=0.00
2025-06-19T12:11:37.477Z - INFO - Wallet 9: Native POL=0.000000, USDT=0.00
2025-06-19T12:11:37.800Z - INFO - Wallet 5: Native POL=0.000000, USDT=0.00
2025-06-19T12:11:38.498Z - INFO - Wallet 10: Native POL=0.000000, USDT=0.00
2025-06-19T12:11:38.719Z - INFO - Wallet 6: Native POL=0.000000, USDT=0.00
2025-06-19T12:11:39.153Z - INFO - Checking native POL and USDT balances for all wallets...
2025-06-19T12:11:39.618Z - INFO - Wallet 7: Native POL=0.000000, USDT=0.00
2025-06-19T12:11:40.084Z - INFO - Wallet 1: Native POL=2.044536, USDT=0.00
2025-06-19T12:11:40.675Z - INFO - Wallet 8: Native POL=0.000000, USDT=0.00
2025-06-19T12:11:41.141Z - INFO - Wallet 2: Native POL=0.000000, USDT=0.00
2025-06-19T12:11:41.151Z - INFO - Checking native POL and USDT balances for all wallets...
2025-06-19T12:11:41.601Z - INFO - Wallet 9: Native POL=0.000000, USDT=0.00
2025-06-19T12:11:42.009Z - INFO - Wallet 3: Native POL=0.000000, USDT=0.00
2025-06-19T12:11:42.457Z - INFO - Wallet 10: Native POL=0.000000, USDT=0.00
2025-06-19T12:11:42.476Z - INFO - Wallet 1: Native POL=2.044536, USDT=0.00
2025-06-19T12:11:42.875Z - INFO - Wallet 4: Native POL=0.000000, USDT=0.00
2025-06-19T12:11:43.406Z - INFO - Wallet 2: Native POL=0.000000, USDT=0.00
2025-06-19T12:11:43.739Z - INFO - Wallet 5: Native POL=0.000000, USDT=0.00
2025-06-19T12:11:44.338Z - INFO - Wallet 3: Native POL=0.000000, USDT=0.00
2025-06-19T12:11:44.738Z - INFO - Wallet 6: Native POL=0.000000, USDT=0.00
2025-06-19T12:11:45.282Z - INFO - Wallet 4: Native POL=0.000000, USDT=0.00
2025-06-19T12:11:45.584Z - INFO - Wallet 7: Native POL=0.000000, USDT=0.00
2025-06-19T12:11:46.206Z - INFO - Wallet 5: Native POL=0.000000, USDT=0.00
2025-06-19T12:11:46.442Z - INFO - Wallet 8: Native POL=0.000000, USDT=0.00
2025-06-19T12:11:47.119Z - INFO - Wallet 6: Native POL=0.000000, USDT=0.00
2025-06-19T12:11:47.342Z - INFO - Wallet 9: Native POL=0.000000, USDT=0.00
2025-06-19T12:11:48.038Z - INFO - Wallet 7: Native POL=0.000000, USDT=0.00
2025-06-19T12:11:48.424Z - INFO - Wallet 10: Native POL=0.000000, USDT=0.00
2025-06-19T12:11:49.141Z - INFO - Wallet 8: Native POL=0.000000, USDT=0.00
2025-06-19T12:11:50.065Z - INFO - Wallet 9: Native POL=0.000000, USDT=0.00
2025-06-19T12:11:51.001Z - INFO - Wallet 10: Native POL=0.000000, USDT=0.00
2025-06-19T12:11:54.975Z - INFO - Checking native POL and USDT balances for all wallets...
2025-06-19T12:11:55.864Z - INFO - Wallet 1: Native POL=2.044536, USDT=0.00
2025-06-19T12:11:56.792Z - INFO - Wallet 2: Native POL=0.000000, USDT=0.00
2025-06-19T12:11:57.684Z - INFO - Wallet 3: Native POL=0.000000, USDT=0.00
2025-06-19T12:11:59.053Z - INFO - Wallet 4: Native POL=0.000000, USDT=0.00
2025-06-19T12:12:00.115Z - INFO - Wallet 5: Native POL=0.000000, USDT=0.00
2025-06-19T12:12:00.140Z - INFO - Generating 10 HD wallets...
2025-06-19T12:12:00.175Z - INFO - Generated wallet 1: 0x1F1cCC1250C90Dfc1ffaf497053b40d6d79a33DC
2025-06-19T12:12:00.176Z - INFO - Generated wallet 2: 0xC99aa56Cc1b8cff85F73db37d79a92eda3D84e78
2025-06-19T12:12:00.177Z - INFO - Generated wallet 3: 0x72494CF109cb9b056bDE5D592899457Fe58D6c0B
2025-06-19T12:12:00.178Z - INFO - Generated wallet 4: 0xB262b4feC59a245Ae490Acc8c2F50930f548E3ec
2025-06-19T12:12:00.178Z - INFO - Generated wallet 5: 0x4decD55b97e6Bf3A1ad2eb01a9088879D60897c6
2025-06-19T12:12:00.179Z - INFO - Generated wallet 6: 0x62c3E9EFCa52c3A5774568ef4E87c97064e0be6A
2025-06-19T12:12:00.180Z - INFO - Generated wallet 7: 0x88EFb20f3e2991Cebe66dcacf77a6a177dE1E3e2
2025-06-19T12:12:00.180Z - INFO - Generated wallet 8: 0xcE7887d0e5676C232f90CeCE2434931753Cfa026
2025-06-19T12:12:00.181Z - INFO - Generated wallet 9: 0x4ce0DA3e51754ff95Fe431d1cB504636BFf10D51
2025-06-19T12:12:00.182Z - INFO - Generated wallet 10: 0xE0DaF299C7aFCEf13F5A1fF6D41291d84E2e8C3a
2025-06-19T12:12:00.188Z - INFO - Checking native POL and USDT balances for all wallets...
2025-06-19T12:12:01.031Z - INFO - Wallet 6: Native POL=0.000000, USDT=0.00
2025-06-19T12:12:01.537Z - INFO - Wallet 1: Native POL=2.044536, USDT=0.00
2025-06-19T12:12:01.952Z - INFO - Wallet 7: Native POL=0.000000, USDT=0.00
2025-06-19T12:12:02.415Z - INFO - Wallet 2: Native POL=0.000000, USDT=0.00
2025-06-19T12:12:02.869Z - INFO - Wallet 8: Native POL=0.000000, USDT=0.00
2025-06-19T12:12:03.274Z - INFO - Wallet 3: Native POL=0.000000, USDT=0.00
2025-06-19T12:12:03.753Z - INFO - Wallet 9: Native POL=0.000000, USDT=0.00
2025-06-19T12:12:04.161Z - INFO - Wallet 4: Native POL=0.000000, USDT=0.00
2025-06-19T12:12:04.667Z - INFO - Wallet 10: Native POL=0.000000, USDT=0.00
2025-06-19T12:12:05.126Z - INFO - Wallet 5: Native POL=0.000000, USDT=0.00
2025-06-19T12:12:06.030Z - INFO - Wallet 6: Native POL=0.000000, USDT=0.00
2025-06-19T12:12:07.001Z - INFO - Wallet 7: Native POL=0.000000, USDT=0.00
2025-06-19T12:12:07.683Z - INFO - Checking native POL and USDT balances for all wallets...
2025-06-19T12:12:07.886Z - INFO - Wallet 8: Native POL=0.000000, USDT=0.00
2025-06-19T12:12:08.732Z - INFO - Wallet 1: Native POL=2.044536, USDT=0.00
2025-06-19T12:12:08.764Z - INFO - Wallet 9: Native POL=0.000000, USDT=0.00
2025-06-19T12:12:09.616Z - INFO - Wallet 10: Native POL=0.000000, USDT=0.00
2025-06-19T12:12:09.619Z - INFO - Checking native POL and USDT balances for all wallets...
2025-06-19T12:12:09.656Z - INFO - Wallet 2: Native POL=0.000000, USDT=0.00
2025-06-19T12:12:10.489Z - INFO - Wallet 1: Native POL=2.044536, USDT=0.00
2025-06-19T12:12:10.583Z - INFO - Wallet 3: Native POL=0.000000, USDT=0.00
2025-06-19T12:12:11.320Z - INFO - Wallet 2: Native POL=0.000000, USDT=0.00
2025-06-19T12:12:11.526Z - INFO - Wallet 4: Native POL=0.000000, USDT=0.00
2025-06-19T12:12:12.199Z - INFO - Wallet 3: Native POL=0.000000, USDT=0.00
2025-06-19T12:12:12.473Z - INFO - Wallet 5: Native POL=0.000000, USDT=0.00
2025-06-19T12:12:13.056Z - INFO - Wallet 4: Native POL=0.000000, USDT=0.00
2025-06-19T12:12:13.406Z - INFO - Wallet 6: Native POL=0.000000, USDT=0.00
2025-06-19T12:12:13.905Z - INFO - Wallet 5: Native POL=0.000000, USDT=0.00
2025-06-19T12:12:14.285Z - INFO - Wallet 7: Native POL=0.000000, USDT=0.00
2025-06-19T12:12:14.784Z - INFO - Wallet 6: Native POL=0.000000, USDT=0.00
2025-06-19T12:12:15.242Z - INFO - Wallet 8: Native POL=0.000000, USDT=0.00
2025-06-19T12:12:15.684Z - INFO - Wallet 7: Native POL=0.000000, USDT=0.00
2025-06-19T12:12:16.149Z - INFO - Wallet 9: Native POL=0.000000, USDT=0.00
2025-06-19T12:12:16.615Z - INFO - Wallet 8: Native POL=0.000000, USDT=0.00
2025-06-19T12:12:17.046Z - INFO - Wallet 10: Native POL=0.000000, USDT=0.00
2025-06-19T12:12:17.547Z - INFO - Wallet 9: Native POL=0.000000, USDT=0.00
2025-06-19T12:12:18.531Z - INFO - Wallet 10: Native POL=0.000000, USDT=0.00
2025-06-19T12:12:18.534Z - INFO - Checking native POL and USDT balances for all wallets...
2025-06-19T12:12:19.434Z - INFO - Wallet 1: Native POL=2.044536, USDT=0.00
2025-06-19T12:12:20.415Z - INFO - Wallet 2: Native POL=0.000000, USDT=0.00
2025-06-19T12:12:21.324Z - INFO - Wallet 3: Native POL=0.000000, USDT=0.00
2025-06-19T12:12:22.264Z - INFO - Wallet 4: Native POL=0.000000, USDT=0.00
2025-06-19T12:12:23.217Z - INFO - Wallet 5: Native POL=0.000000, USDT=0.00
2025-06-19T12:12:24.111Z - INFO - Wallet 6: Native POL=0.000000, USDT=0.00
2025-06-19T12:12:24.999Z - INFO - Wallet 7: Native POL=0.000000, USDT=0.00
2025-06-19T12:12:25.965Z - INFO - Wallet 8: Native POL=0.000000, USDT=0.00
2025-06-19T12:12:27.001Z - INFO - Wallet 9: Native POL=0.000000, USDT=0.00
2025-06-19T12:12:27.685Z - INFO - Checking native POL and USDT balances for all wallets...
2025-06-19T12:12:27.922Z - INFO - Wallet 10: Native POL=0.000000, USDT=0.00
2025-06-19T12:12:28.973Z - INFO - Wallet 1: Native POL=2.044536, USDT=0.00
2025-06-19T12:12:29.803Z - INFO - Wallet 2: Native POL=0.000000, USDT=0.00
2025-06-19T12:12:30.503Z - INFO - HD Wallet Manager initialized
2025-06-19T12:12:30.504Z - INFO - Verifying contract addresses...
2025-06-19T12:12:30.652Z - INFO - Wallet 3: Native POL=0.000000, USDT=0.00
2025-06-19T12:12:31.204Z - INFO - ✅ USDT contract verified at 0xc2132D05D31c914a87C6611C10748AEb04B58e8F - Symbol: USDT, Decimals: 6
2025-06-19T12:12:31.419Z - ERROR - ❌ POL contract not found at 0x455e53CBB86018Ac2B8092FdCd39d8444aFFC3F6
2025-06-19T12:12:31.536Z - INFO - Wallet 4: Native POL=0.000000, USDT=0.00
2025-06-19T12:12:32.399Z - INFO - Wallet 5: Native POL=0.000000, USDT=0.00
2025-06-19T12:12:33.045Z - INFO - Generating 10 HD wallets...
2025-06-19T12:12:33.071Z - INFO - Generated wallet 1: 0x1F1cCC1250C90Dfc1ffaf497053b40d6d79a33DC
2025-06-19T12:12:33.072Z - INFO - Generated wallet 2: 0xC99aa56Cc1b8cff85F73db37d79a92eda3D84e78
2025-06-19T12:12:33.074Z - INFO - Generated wallet 3: 0x72494CF109cb9b056bDE5D592899457Fe58D6c0B
2025-06-19T12:12:33.076Z - INFO - Generated wallet 4: 0xB262b4feC59a245Ae490Acc8c2F50930f548E3ec
2025-06-19T12:12:33.077Z - INFO - Generated wallet 5: 0x4decD55b97e6Bf3A1ad2eb01a9088879D60897c6
2025-06-19T12:12:33.078Z - INFO - Generated wallet 6: 0x62c3E9EFCa52c3A5774568ef4E87c97064e0be6A
2025-06-19T12:12:33.078Z - INFO - Generated wallet 7: 0x88EFb20f3e2991Cebe66dcacf77a6a177dE1E3e2
2025-06-19T12:12:33.079Z - INFO - Generated wallet 8: 0xcE7887d0e5676C232f90CeCE2434931753Cfa026
2025-06-19T12:12:33.080Z - INFO - Generated wallet 9: 0x4ce0DA3e51754ff95Fe431d1cB504636BFf10D51
2025-06-19T12:12:33.081Z - INFO - Generated wallet 10: 0xE0DaF299C7aFCEf13F5A1fF6D41291d84E2e8C3a
2025-06-19T12:12:33.087Z - INFO - Checking native POL and USDT balances for all wallets...
2025-06-19T12:12:33.220Z - INFO - Wallet 6: Native POL=0.000000, USDT=0.00
2025-06-19T12:12:34.089Z - INFO - Wallet 7: Native POL=0.000000, USDT=0.00
2025-06-19T12:12:34.130Z - INFO - Wallet 1: Native POL=2.044536, USDT=0.00
2025-06-19T12:12:34.959Z - INFO - Wallet 8: Native POL=0.000000, USDT=0.00
2025-06-19T12:12:35.117Z - INFO - Wallet 2: Native POL=0.000000, USDT=0.00
2025-06-19T12:12:36.070Z - INFO - Wallet 3: Native POL=0.000000, USDT=0.00
2025-06-19T12:12:36.081Z - INFO - Wallet 9: Native POL=0.000000, USDT=0.00
2025-06-19T12:12:36.930Z - INFO - Wallet 4: Native POL=0.000000, USDT=0.00
2025-06-19T12:12:37.017Z - INFO - Wallet 10: Native POL=0.000000, USDT=0.00
2025-06-19T12:12:37.755Z - INFO - Wallet 5: Native POL=0.000000, USDT=0.00
2025-06-19T12:12:38.612Z - INFO - Wallet 6: Native POL=0.000000, USDT=0.00
2025-06-19T12:12:39.662Z - INFO - Wallet 7: Native POL=0.000000, USDT=0.00
2025-06-19T12:12:40.561Z - INFO - Wallet 8: Native POL=0.000000, USDT=0.00
2025-06-19T12:12:41.446Z - INFO - Wallet 9: Native POL=0.000000, USDT=0.00
2025-06-19T12:12:42.349Z - INFO - Wallet 10: Native POL=0.000000, USDT=0.00
2025-06-19T12:12:42.351Z - INFO - Checking native POL and USDT balances for all wallets...
2025-06-19T12:12:43.423Z - INFO - Wallet 1: Native POL=2.044536, USDT=0.00
2025-06-19T12:12:44.292Z - INFO - Wallet 2: Native POL=0.000000, USDT=0.00
2025-06-19T12:12:45.115Z - INFO - Wallet 3: Native POL=0.000000, USDT=0.00
2025-06-19T12:12:45.855Z - INFO - Checking native POL and USDT balances for all wallets...
2025-06-19T12:12:45.982Z - INFO - Wallet 4: Native POL=0.000000, USDT=0.00
2025-06-19T12:12:46.896Z - INFO - Wallet 5: Native POL=0.000000, USDT=0.00
2025-06-19T12:12:47.180Z - INFO - Wallet 1: Native POL=2.044536, USDT=0.00
2025-06-19T12:12:47.750Z - INFO - Wallet 6: Native POL=0.000000, USDT=0.00
2025-06-19T12:12:48.029Z - INFO - Wallet 2: Native POL=0.000000, USDT=0.00
2025-06-19T12:12:48.603Z - INFO - Wallet 7: Native POL=0.000000, USDT=0.00
2025-06-19T12:12:48.914Z - INFO - Wallet 3: Native POL=0.000000, USDT=0.00
2025-06-19T12:12:49.465Z - INFO - Wallet 8: Native POL=0.000000, USDT=0.00
2025-06-19T12:12:49.811Z - INFO - Wallet 4: Native POL=0.000000, USDT=0.00
2025-06-19T12:12:50.298Z - INFO - Wallet 9: Native POL=0.000000, USDT=0.00
2025-06-19T12:12:50.701Z - INFO - Wallet 5: Native POL=0.000000, USDT=0.00
2025-06-19T12:12:51.148Z - INFO - Wallet 10: Native POL=0.000000, USDT=0.00
2025-06-19T12:12:51.149Z - INFO - Checking native POL and USDT balances for all wallets...
2025-06-19T12:12:51.577Z - INFO - Wallet 6: Native POL=0.000000, USDT=0.00
2025-06-19T12:12:51.989Z - INFO - Wallet 1: Native POL=2.044536, USDT=0.00
2025-06-19T12:12:52.446Z - INFO - Wallet 7: Native POL=0.000000, USDT=0.00
2025-06-19T12:12:52.884Z - INFO - Wallet 2: Native POL=0.000000, USDT=0.00
2025-06-19T12:12:53.347Z - INFO - Wallet 8: Native POL=0.000000, USDT=0.00
2025-06-19T12:12:53.757Z - INFO - Wallet 3: Native POL=0.000000, USDT=0.00
2025-06-19T12:12:54.265Z - INFO - Wallet 9: Native POL=0.000000, USDT=0.00
2025-06-19T12:12:54.686Z - INFO - Wallet 4: Native POL=0.000000, USDT=0.00
2025-06-19T12:12:55.120Z - INFO - Wallet 10: Native POL=0.000000, USDT=0.00
2025-06-19T12:12:55.575Z - INFO - Wallet 5: Native POL=0.000000, USDT=0.00
2025-06-19T12:12:56.482Z - INFO - Wallet 6: Native POL=0.000000, USDT=0.00
2025-06-19T12:12:57.493Z - INFO - Wallet 7: Native POL=0.000000, USDT=0.00
2025-06-19T12:12:58.403Z - INFO - Wallet 8: Native POL=0.000000, USDT=0.00
2025-06-19T12:12:59.327Z - INFO - Wallet 9: Native POL=0.000000, USDT=0.00
2025-06-19T12:13:00.214Z - INFO - Wallet 10: Native POL=0.000000, USDT=0.00
2025-06-19T12:22:07.976Z - INFO - HD Wallet Manager initialized
2025-06-19T12:22:07.977Z - INFO - Verifying contract addresses...
2025-06-19T12:22:09.300Z - INFO - ✅ USDT contract verified at 0xc2132D05D31c914a87C6611C10748AEb04B58e8F - Symbol: USDT, Decimals: 6
2025-06-19T12:22:09.527Z - ERROR - ❌ POL contract not found at 0x455e53CBB86018Ac2B8092FdCd39d8444aFFC3F6
2025-06-19T12:22:10.217Z - INFO - Generating 10 HD wallets...
2025-06-19T12:22:10.284Z - INFO - Generated wallet 1: 0x1F1cCC1250C90Dfc1ffaf497053b40d6d79a33DC
2025-06-19T12:22:10.285Z - INFO - Generated wallet 2: 0xC99aa56Cc1b8cff85F73db37d79a92eda3D84e78
2025-06-19T12:22:10.286Z - INFO - Generated wallet 3: 0x72494CF109cb9b056bDE5D592899457Fe58D6c0B
2025-06-19T12:22:10.287Z - INFO - Generated wallet 4: 0xB262b4feC59a245Ae490Acc8c2F50930f548E3ec
2025-06-19T12:22:10.288Z - INFO - Generated wallet 5: 0x4decD55b97e6Bf3A1ad2eb01a9088879D60897c6
2025-06-19T12:22:10.289Z - INFO - Generated wallet 6: 0x62c3E9EFCa52c3A5774568ef4E87c97064e0be6A
2025-06-19T12:22:10.290Z - INFO - Generated wallet 7: 0x88EFb20f3e2991Cebe66dcacf77a6a177dE1E3e2
2025-06-19T12:22:10.290Z - INFO - Generated wallet 8: 0xcE7887d0e5676C232f90CeCE2434931753Cfa026
2025-06-19T12:22:10.292Z - INFO - Generated wallet 9: 0x4ce0DA3e51754ff95Fe431d1cB504636BFf10D51
2025-06-19T12:22:10.292Z - INFO - Generated wallet 10: 0xE0DaF299C7aFCEf13F5A1fF6D41291d84E2e8C3a
2025-06-19T12:22:19.833Z - INFO - Checking native POL and USDT balances for all wallets...
2025-06-19T12:22:21.182Z - INFO - Wallet 1: Native POL=2.044536, USDT=0.00
2025-06-19T12:22:22.231Z - INFO - Wallet 2: Native POL=0.000000, USDT=0.00
2025-06-19T12:22:23.133Z - INFO - Wallet 3: Native POL=0.000000, USDT=0.00
2025-06-19T12:22:24.147Z - INFO - Wallet 4: Native POL=0.000000, USDT=0.00
2025-06-19T12:22:25.067Z - INFO - Wallet 5: Native POL=0.000000, USDT=0.00
2025-06-19T12:22:25.942Z - INFO - Wallet 6: Native POL=0.000000, USDT=0.00
2025-06-19T12:22:26.827Z - INFO - Wallet 7: Native POL=0.000000, USDT=0.00
2025-06-19T12:22:27.773Z - INFO - Wallet 8: Native POL=0.000000, USDT=0.00
2025-06-19T12:22:28.675Z - INFO - Wallet 9: Native POL=0.000000, USDT=0.00
2025-06-19T12:22:29.606Z - INFO - Wallet 10: Native POL=0.000000, USDT=0.00
2025-06-19T12:22:29.619Z - INFO - Checking native POL and USDT balances for all wallets...
2025-06-19T12:22:30.620Z - INFO - Wallet 1: Native POL=2.044536, USDT=0.00
2025-06-19T12:22:31.542Z - INFO - Wallet 2: Native POL=0.000000, USDT=0.00
2025-06-19T12:22:32.438Z - INFO - Wallet 3: Native POL=0.000000, USDT=0.00
2025-06-19T12:22:33.387Z - INFO - Wallet 4: Native POL=0.000000, USDT=0.00
2025-06-19T12:22:34.305Z - INFO - Wallet 5: Native POL=0.000000, USDT=0.00
2025-06-19T12:22:35.243Z - INFO - Wallet 6: Native POL=0.000000, USDT=0.00
2025-06-19T12:22:36.146Z - INFO - Wallet 7: Native POL=0.000000, USDT=0.00
2025-06-19T12:22:37.044Z - INFO - Wallet 8: Native POL=0.000000, USDT=0.00
2025-06-19T12:22:37.971Z - INFO - Wallet 9: Native POL=0.000000, USDT=0.00
2025-06-19T12:22:38.887Z - INFO - Wallet 10: Native POL=0.000000, USDT=0.00
2025-06-19T12:29:07.690Z - INFO - HD Wallet Manager initialized
2025-06-19T12:29:07.691Z - INFO - Verifying contract addresses...
2025-06-19T12:29:09.247Z - INFO - ✅ USDT contract verified at 0xc2132D05D31c914a87C6611C10748AEb04B58e8F - Symbol: USDT, Decimals: 6
2025-06-19T12:29:09.469Z - ERROR - ❌ POL contract not found at 0x455e53CBB86018Ac2B8092FdCd39d8444aFFC3F6
2025-06-19T12:29:10.444Z - INFO - Generating 10 HD wallets from index 2 to 11...
2025-06-19T12:29:10.514Z - INFO - Generated wallet 1 (derivation index 2): 0x72494CF109cb9b056bDE5D592899457Fe58D6c0B
2025-06-19T12:29:10.515Z - INFO - Generated wallet 2 (derivation index 3): 0xB262b4feC59a245Ae490Acc8c2F50930f548E3ec
2025-06-19T12:29:10.516Z - INFO - Generated wallet 3 (derivation index 4): 0x4decD55b97e6Bf3A1ad2eb01a9088879D60897c6
2025-06-19T12:29:10.517Z - INFO - Generated wallet 4 (derivation index 5): 0x62c3E9EFCa52c3A5774568ef4E87c97064e0be6A
2025-06-19T12:29:10.519Z - INFO - Generated wallet 5 (derivation index 6): 0x88EFb20f3e2991Cebe66dcacf77a6a177dE1E3e2
2025-06-19T12:29:10.520Z - INFO - Generated wallet 6 (derivation index 7): 0xcE7887d0e5676C232f90CeCE2434931753Cfa026
2025-06-19T12:29:10.520Z - INFO - Generated wallet 7 (derivation index 8): 0x4ce0DA3e51754ff95Fe431d1cB504636BFf10D51
2025-06-19T12:29:10.521Z - INFO - Generated wallet 8 (derivation index 9): 0xE0DaF299C7aFCEf13F5A1fF6D41291d84E2e8C3a
2025-06-19T12:29:10.522Z - INFO - Generated wallet 9 (derivation index 10): 0xe82E5AFA822ccD9C4CeC30c3b75D844e0a10A8F8
2025-06-19T12:29:10.523Z - INFO - Generated wallet 10 (derivation index 11): 0x931E0A1532b7f30a93837c83181DefAd9D23B540
2025-06-19T12:29:32.249Z - INFO - Checking native POL and USDT balances for all wallets...
2025-06-19T12:29:33.060Z - INFO - Wallet 1: Native POL=0.000000, USDT=0.00
2025-06-19T12:29:33.492Z - INFO - Wallet 2: Native POL=0.000000, USDT=0.00
2025-06-19T12:29:33.916Z - INFO - Wallet 3: Native POL=0.000000, USDT=0.00
2025-06-19T12:29:34.338Z - INFO - Wallet 4: Native POL=0.000000, USDT=0.00
2025-06-19T12:29:34.852Z - INFO - Wallet 5: Native POL=0.000000, USDT=0.00
2025-06-19T12:29:35.277Z - INFO - Wallet 6: Native POL=0.000000, USDT=0.00
2025-06-19T12:29:35.648Z - INFO - Wallet 7: Native POL=0.000000, USDT=0.00
2025-06-19T12:29:36.069Z - INFO - Wallet 8: Native POL=0.000000, USDT=0.00
2025-06-19T12:29:36.754Z - INFO - Wallet 9: Native POL=0.000000, USDT=0.00
2025-06-19T12:29:37.348Z - INFO - Wallet 10: Native POL=0.000000, USDT=0.00
2025-06-19T12:29:37.360Z - INFO - Checking native POL and USDT balances for all wallets...
2025-06-19T12:29:37.757Z - INFO - Wallet 1: Native POL=0.000000, USDT=0.00
2025-06-19T12:29:38.527Z - INFO - Wallet 2: Native POL=0.000000, USDT=0.00
2025-06-19T12:29:39.174Z - INFO - Wallet 3: Native POL=0.000000, USDT=0.00
2025-06-19T12:29:39.606Z - INFO - Wallet 4: Native POL=0.000000, USDT=0.00
2025-06-19T12:29:40.024Z - INFO - Wallet 5: Native POL=0.000000, USDT=0.00
2025-06-19T12:29:40.670Z - INFO - Wallet 6: Native POL=0.000000, USDT=0.00
2025-06-19T12:29:41.088Z - INFO - Wallet 7: Native POL=0.000000, USDT=0.00
2025-06-19T12:29:41.551Z - INFO - Wallet 8: Native POL=0.000000, USDT=0.00
2025-06-19T12:29:42.003Z - INFO - Wallet 9: Native POL=0.000000, USDT=0.00
2025-06-19T12:29:42.592Z - INFO - Wallet 10: Native POL=0.000000, USDT=0.00
